<?xml version="1.0" encoding="UTF-8"?>
<!-- Generated by org.testng.reporters.JUnitXMLReporter -->
<testsuite ignored="0" hostname="DESKTOP-9QSEPRP" failures="0" tests="13" name="Surefire test" time="46.405" errors="0" timestamp="2024-07-03T01:58:12 EET">
  <testcase classname="io.cucumber.testng.AbstractTestNGCucumberTests" name="runScenario" time="6.351"/>
  <testcase classname="io.cucumber.testng.AbstractTestNGCucumberTests" name="runScenario" time="3.317"/>
  <testcase classname="io.cucumber.testng.AbstractTestNGCucumberTests" name="runScenario" time="4.144"/>
  <testcase classname="io.cucumber.testng.AbstractTestNGCucumberTests" name="runScenario" time="4.164"/>
  <testcase classname="io.cucumber.testng.AbstractTestNGCucumberTests" name="runScenario" time="2.61"/>
  <testcase classname="io.cucumber.testng.AbstractTestNGCucumberTests" name="runScenario" time="3.029"/>
  <testcase classname="testCases.tests.FullPurchaseScenarioTest" name="testFullPurchaseScenario" time="1.116"/>
  <testcase classname="testCases.tests.LoginPageTest" name="loginWithInvalidUsernameInvalidPassword" time="0.227"/>
  <testcase classname="testCases.tests.LoginPageTest" name="loginWithInvalidUsernameValidPassword" time="0.181"/>
  <testcase classname="testCases.tests.LoginPageTest" name="loginWithUsernameAndWithoutPassword" time="0.137"/>
  <testcase classname="testCases.tests.LoginPageTest" name="loginWithValidCredentials" time="0.184"/>
  <testcase classname="testCases.tests.LoginPageTest" name="loginWithValidUsernameInvalidPassword" time="0.174"/>
  <testcase classname="testCases.tests.LoginPageTest" name="loginWithoutUsernameOrPassword" time="0.075"/>
</testsuite> <!-- Surefire test -->
