<?xml version="1.0" encoding="UTF-8"?>
<!-- Generated by org.testng.reporters.JUnitXMLReporter -->
<testsuite ignored="0" hostname="DESKTOP-9QSEPRP" failures="0" tests="13" name="Surefire test" time="22.689" errors="0" timestamp="2025-03-23T13:45:09 EET">
  <testcase classname="io.cucumber.testng.AbstractTestNGCucumberTests" name="runScenario" time="2.671"/>
  <testcase classname="io.cucumber.testng.AbstractTestNGCucumberTests" name="runScenario" time="1.518"/>
  <testcase classname="io.cucumber.testng.AbstractTestNGCucumberTests" name="runScenario" time="1.414"/>
  <testcase classname="io.cucumber.testng.AbstractTestNGCucumberTests" name="runScenario" time="1.528"/>
  <testcase classname="io.cucumber.testng.AbstractTestNGCucumberTests" name="runScenario" time="1.741"/>
  <testcase classname="io.cucumber.testng.AbstractTestNGCucumberTests" name="runScenario" time="1.5"/>
  <testcase classname="testCases.tests.FullPurchaseScenarioTest" name="testFullPurchaseScenario" time="1.171"/>
  <testcase classname="testCases.tests.LoginPageTest" name="loginWithInvalidUsernameInvalidPassword" time="0.179"/>
  <testcase classname="testCases.tests.LoginPageTest" name="loginWithInvalidUsernameValidPassword" time="0.207"/>
  <testcase classname="testCases.tests.LoginPageTest" name="loginWithUsernameAndWithoutPassword" time="0.162"/>
  <testcase classname="testCases.tests.LoginPageTest" name="loginWithValidCredentials" time="0.244"/>
  <testcase classname="testCases.tests.LoginPageTest" name="loginWithValidUsernameInvalidPassword" time="0.215"/>
  <testcase classname="testCases.tests.LoginPageTest" name="loginWithoutUsernameOrPassword" time="0.097"/>
</testsuite> <!-- Surefire test -->
