<?xml version="1.0" encoding="UTF-8"?>
<testng-results ignored="0" total="13" passed="13" failed="0" skipped="0">
  <reporter-output>
  </reporter-output>
  <suite started-at="2024-07-03T01:57:26 EET" name="Surefire suite" finished-at="2024-07-03T01:58:12 EET" duration-ms="46405">
    <groups>
      <group name="cucumber">
        <method signature="AbstractTestNGCucumberTests.runScenario(io.cucumber.testng.PickleWrapper,io.cucumber.testng.FeatureWrapper)[pri:0, instance:runners.TestRunner@3a91d146]" name="runScenario" class="io.cucumber.testng.AbstractTestNGCucumberTests"/>
      </group> <!-- cucumber -->
    </groups>
    <test started-at="2024-07-03T01:57:26 EET" name="Surefire test" finished-at="2024-07-03T01:58:12 EET" duration-ms="46405">
      <class name="testCases.tests.LoginPageTest">
        <test-method is-config="true" signature="beforeTest()[pri:0, instance:testCases.tests.LoginPageTest@441cc260]" started-at="2024-07-03T01:57:54 EET" name="beforeTest" finished-at="2024-07-03T01:57:58 EET" duration-ms="4117" status="PASS">
          <reporter-output>
          </reporter-output>
        </test-method> <!-- beforeTest -->
        <test-method signature="loginWithInvalidUsernameInvalidPassword()[pri:0, instance:testCases.tests.LoginPageTest@441cc260]" started-at="2024-07-03T01:57:58 EET" name="loginWithInvalidUsernameInvalidPassword" finished-at="2024-07-03T01:57:58 EET" duration-ms="227" status="PASS">
          <reporter-output>
          </reporter-output>
        </test-method> <!-- loginWithInvalidUsernameInvalidPassword -->
        <test-method is-config="true" signature="tearDown()[pri:0, instance:testCases.tests.LoginPageTest@441cc260]" started-at="2024-07-03T01:57:58 EET" name="tearDown" finished-at="2024-07-03T01:57:59 EET" duration-ms="108" status="PASS">
          <reporter-output>
          </reporter-output>
        </test-method> <!-- tearDown -->
        <test-method is-config="true" signature="beforeTest()[pri:0, instance:testCases.tests.LoginPageTest@441cc260]" started-at="2024-07-03T01:57:59 EET" name="beforeTest" finished-at="2024-07-03T01:58:01 EET" duration-ms="2242" status="PASS">
          <reporter-output>
          </reporter-output>
        </test-method> <!-- beforeTest -->
        <test-method signature="loginWithInvalidUsernameValidPassword()[pri:0, instance:testCases.tests.LoginPageTest@441cc260]" started-at="2024-07-03T01:58:01 EET" name="loginWithInvalidUsernameValidPassword" finished-at="2024-07-03T01:58:01 EET" duration-ms="181" status="PASS">
          <reporter-output>
          </reporter-output>
        </test-method> <!-- loginWithInvalidUsernameValidPassword -->
        <test-method is-config="true" signature="tearDown()[pri:0, instance:testCases.tests.LoginPageTest@441cc260]" started-at="2024-07-03T01:58:01 EET" name="tearDown" finished-at="2024-07-03T01:58:01 EET" duration-ms="97" status="PASS">
          <reporter-output>
          </reporter-output>
        </test-method> <!-- tearDown -->
        <test-method is-config="true" signature="beforeTest()[pri:0, instance:testCases.tests.LoginPageTest@441cc260]" started-at="2024-07-03T01:58:01 EET" name="beforeTest" finished-at="2024-07-03T01:58:04 EET" duration-ms="2549" status="PASS">
          <reporter-output>
          </reporter-output>
        </test-method> <!-- beforeTest -->
        <test-method signature="loginWithUsernameAndWithoutPassword()[pri:0, instance:testCases.tests.LoginPageTest@441cc260]" started-at="2024-07-03T01:58:04 EET" name="loginWithUsernameAndWithoutPassword" finished-at="2024-07-03T01:58:04 EET" duration-ms="137" status="PASS">
          <reporter-output>
          </reporter-output>
        </test-method> <!-- loginWithUsernameAndWithoutPassword -->
        <test-method is-config="true" signature="tearDown()[pri:0, instance:testCases.tests.LoginPageTest@441cc260]" started-at="2024-07-03T01:58:04 EET" name="tearDown" finished-at="2024-07-03T01:58:04 EET" duration-ms="107" status="PASS">
          <reporter-output>
          </reporter-output>
        </test-method> <!-- tearDown -->
        <test-method is-config="true" signature="beforeTest()[pri:0, instance:testCases.tests.LoginPageTest@441cc260]" started-at="2024-07-03T01:58:04 EET" name="beforeTest" finished-at="2024-07-03T01:58:06 EET" duration-ms="2240" status="PASS">
          <reporter-output>
          </reporter-output>
        </test-method> <!-- beforeTest -->
        <test-method signature="loginWithValidCredentials()[pri:0, instance:testCases.tests.LoginPageTest@441cc260]" started-at="2024-07-03T01:58:06 EET" name="loginWithValidCredentials" finished-at="2024-07-03T01:58:06 EET" duration-ms="184" status="PASS">
          <reporter-output>
          </reporter-output>
        </test-method> <!-- loginWithValidCredentials -->
        <test-method is-config="true" signature="tearDown()[pri:0, instance:testCases.tests.LoginPageTest@441cc260]" started-at="2024-07-03T01:58:06 EET" name="tearDown" finished-at="2024-07-03T01:58:06 EET" duration-ms="95" status="PASS">
          <reporter-output>
          </reporter-output>
        </test-method> <!-- tearDown -->
        <test-method is-config="true" signature="beforeTest()[pri:0, instance:testCases.tests.LoginPageTest@441cc260]" started-at="2024-07-03T01:58:06 EET" name="beforeTest" finished-at="2024-07-03T01:58:09 EET" duration-ms="2407" status="PASS">
          <reporter-output>
          </reporter-output>
        </test-method> <!-- beforeTest -->
        <test-method signature="loginWithValidUsernameInvalidPassword()[pri:0, instance:testCases.tests.LoginPageTest@441cc260]" started-at="2024-07-03T01:58:09 EET" name="loginWithValidUsernameInvalidPassword" finished-at="2024-07-03T01:58:09 EET" duration-ms="174" status="PASS">
          <reporter-output>
          </reporter-output>
        </test-method> <!-- loginWithValidUsernameInvalidPassword -->
        <test-method is-config="true" signature="tearDown()[pri:0, instance:testCases.tests.LoginPageTest@441cc260]" started-at="2024-07-03T01:58:09 EET" name="tearDown" finished-at="2024-07-03T01:58:09 EET" duration-ms="90" status="PASS">
          <reporter-output>
          </reporter-output>
        </test-method> <!-- tearDown -->
        <test-method is-config="true" signature="beforeTest()[pri:0, instance:testCases.tests.LoginPageTest@441cc260]" started-at="2024-07-03T01:58:09 EET" name="beforeTest" finished-at="2024-07-03T01:58:12 EET" duration-ms="2703" status="PASS">
          <reporter-output>
          </reporter-output>
        </test-method> <!-- beforeTest -->
        <test-method signature="loginWithoutUsernameOrPassword()[pri:0, instance:testCases.tests.LoginPageTest@441cc260]" started-at="2024-07-03T01:58:12 EET" name="loginWithoutUsernameOrPassword" finished-at="2024-07-03T01:58:12 EET" duration-ms="75" status="PASS">
          <reporter-output>
          </reporter-output>
        </test-method> <!-- loginWithoutUsernameOrPassword -->
        <test-method is-config="true" signature="tearDown()[pri:0, instance:testCases.tests.LoginPageTest@441cc260]" started-at="2024-07-03T01:58:12 EET" name="tearDown" finished-at="2024-07-03T01:58:12 EET" duration-ms="94" status="PASS">
          <reporter-output>
          </reporter-output>
        </test-method> <!-- tearDown -->
      </class> <!-- testCases.tests.LoginPageTest -->
      <class name="testCases.tests.FullPurchaseScenarioTest">
        <test-method is-config="true" signature="beforeTest()[pri:0, instance:testCases.tests.FullPurchaseScenarioTest@383f1975]" started-at="2024-07-03T01:57:49 EET" name="beforeTest" finished-at="2024-07-03T01:57:53 EET" duration-ms="3420" status="PASS">
          <reporter-output>
          </reporter-output>
        </test-method> <!-- beforeTest -->
        <test-method signature="testFullPurchaseScenario()[pri:0, instance:testCases.tests.FullPurchaseScenarioTest@383f1975]" started-at="2024-07-03T01:57:53 EET" name="testFullPurchaseScenario" finished-at="2024-07-03T01:57:54 EET" duration-ms="1116" status="PASS">
          <reporter-output>
          </reporter-output>
        </test-method> <!-- testFullPurchaseScenario -->
        <test-method is-config="true" signature="tearDown()[pri:0, instance:testCases.tests.FullPurchaseScenarioTest@383f1975]" started-at="2024-07-03T01:57:54 EET" name="tearDown" finished-at="2024-07-03T01:57:54 EET" duration-ms="95" status="PASS">
          <reporter-output>
          </reporter-output>
        </test-method> <!-- tearDown -->
      </class> <!-- testCases.tests.FullPurchaseScenarioTest -->
      <class name="runners.TestRunner">
        <test-method is-config="true" signature="setUpClass(org.testng.ITestContext)[pri:0, instance:runners.TestRunner@3a91d146]" started-at="2024-07-03T01:57:26 EET" name="setUpClass" finished-at="2024-07-03T01:57:26 EET" duration-ms="261" status="PASS">
          <params>
            <param index="0">
              <value>
                <![CDATA[org.testng.TestRunner@580c4c0b]]>
              </value>
            </param>
          </params>
          <reporter-output>
          </reporter-output>
        </test-method> <!-- setUpClass -->
        <test-method signature="runScenario(io.cucumber.testng.PickleWrapper,io.cucumber.testng.FeatureWrapper)[pri:0, instance:runners.TestRunner@3a91d146]" started-at="2024-07-03T01:57:26 EET" name="runScenario" description="Runs Cucumber Scenarios" data-provider="scenarios" finished-at="2024-07-03T01:57:32 EET" duration-ms="6351" status="PASS">
          <params>
            <param index="0">
              <value>
                <![CDATA["Test Valid Login"]]>
              </value>
            </param>
            <param index="1">
              <value>
                <![CDATA["Login"]]>
              </value>
            </param>
          </params>
          <reporter-output>
          </reporter-output>
        </test-method> <!-- runScenario -->
        <test-method signature="runScenario(io.cucumber.testng.PickleWrapper,io.cucumber.testng.FeatureWrapper)[pri:0, instance:runners.TestRunner@3a91d146]" started-at="2024-07-03T01:57:32 EET" name="runScenario" description="Runs Cucumber Scenarios" data-provider="scenarios" finished-at="2024-07-03T01:57:35 EET" duration-ms="3317" status="PASS">
          <params>
            <param index="0">
              <value>
                <![CDATA["Test logging without user name"]]>
              </value>
            </param>
            <param index="1">
              <value>
                <![CDATA["Login"]]>
              </value>
            </param>
          </params>
          <reporter-output>
          </reporter-output>
        </test-method> <!-- runScenario -->
        <test-method signature="runScenario(io.cucumber.testng.PickleWrapper,io.cucumber.testng.FeatureWrapper)[pri:0, instance:runners.TestRunner@3a91d146]" started-at="2024-07-03T01:57:35 EET" name="runScenario" description="Runs Cucumber Scenarios" data-provider="scenarios" finished-at="2024-07-03T01:57:40 EET" duration-ms="4144" status="PASS">
          <params>
            <param index="0">
              <value>
                <![CDATA["Test logging without password"]]>
              </value>
            </param>
            <param index="1">
              <value>
                <![CDATA["Login"]]>
              </value>
            </param>
          </params>
          <reporter-output>
          </reporter-output>
        </test-method> <!-- runScenario -->
        <test-method signature="runScenario(io.cucumber.testng.PickleWrapper,io.cucumber.testng.FeatureWrapper)[pri:0, instance:runners.TestRunner@3a91d146]" started-at="2024-07-03T01:57:40 EET" name="runScenario" description="Runs Cucumber Scenarios" data-provider="scenarios" finished-at="2024-07-03T01:57:44 EET" duration-ms="4164" status="PASS">
          <params>
            <param index="0">
              <value>
                <![CDATA["Test logging with invalid credentials"]]>
              </value>
            </param>
            <param index="1">
              <value>
                <![CDATA["Login"]]>
              </value>
            </param>
          </params>
          <reporter-output>
          </reporter-output>
        </test-method> <!-- runScenario -->
        <test-method signature="runScenario(io.cucumber.testng.PickleWrapper,io.cucumber.testng.FeatureWrapper)[pri:0, instance:runners.TestRunner@3a91d146]" started-at="2024-07-03T01:57:44 EET" name="runScenario" description="Runs Cucumber Scenarios" data-provider="scenarios" finished-at="2024-07-03T01:57:46 EET" duration-ms="2610" status="PASS">
          <params>
            <param index="0">
              <value>
                <![CDATA["Test logging with invalid credentials"]]>
              </value>
            </param>
            <param index="1">
              <value>
                <![CDATA["Login"]]>
              </value>
            </param>
          </params>
          <reporter-output>
          </reporter-output>
        </test-method> <!-- runScenario -->
        <test-method signature="runScenario(io.cucumber.testng.PickleWrapper,io.cucumber.testng.FeatureWrapper)[pri:0, instance:runners.TestRunner@3a91d146]" started-at="2024-07-03T01:57:46 EET" name="runScenario" description="Runs Cucumber Scenarios" data-provider="scenarios" finished-at="2024-07-03T01:57:49 EET" duration-ms="3029" status="PASS">
          <params>
            <param index="0">
              <value>
                <![CDATA["Test logging with invalid credentials"]]>
              </value>
            </param>
            <param index="1">
              <value>
                <![CDATA["Login"]]>
              </value>
            </param>
          </params>
          <reporter-output>
          </reporter-output>
        </test-method> <!-- runScenario -->
        <test-method is-config="true" signature="tearDownClass()[pri:0, instance:runners.TestRunner@3a91d146]" started-at="2024-07-03T01:57:49 EET" name="tearDownClass" finished-at="2024-07-03T01:57:49 EET" duration-ms="2" status="PASS">
          <reporter-output>
          </reporter-output>
        </test-method> <!-- tearDownClass -->
      </class> <!-- runners.TestRunner -->
    </test> <!-- Surefire test -->
  </suite> <!-- Surefire suite -->
</testng-results>
